<html>
<head>
<title>TestNG:  Default test</title>
<link href="../testng.css" rel="stylesheet" type="text/css" />
<link href="../my-testng.css" rel="stylesheet" type="text/css" />

<style type="text/css">
.log { display: none;} 
.stack-trace { display: none;} 
</style>
<script type="text/javascript">
<!--
function flip(e) {
  current = e.style.display;
  if (current == 'block') {
    e.style.display = 'none';
    return 0;
  }
  else {
    e.style.display = 'block';
    return 1;
  }
}

function toggleBox(szDivId, elem, msg1, msg2)
{
  var res = -1;  if (document.getElementById) {
    res = flip(document.getElementById(szDivId));
  }
  else if (document.all) {
    // this is the way old msie versions work
    res = flip(document.all[szDivId]);
  }
  if(elem) {
    if(res == 0) elem.innerHTML = msg1; else elem.innerHTML = msg2;
  }

}

function toggleAllBoxes() {
  if (document.getElementsByTagName) {
    d = document.getElementsByTagName('div');
    for (i = 0; i < d.length; i++) {
      if (d[i].className == 'log') {
        flip(d[i]);
      }
    }
  }
}

// -->
</script>

</head>
<body>
<h2 align='center'>Default test</h2><table border='1' align="center">
<tr>
<td>Tests passed/Failed/Skipped:</td><td>8/13/0</td>
</tr><tr>
<td>Started on:</td><td>Tue Dec 27 09:53:45 EST 2022</td>
</tr>
<tr><td>Total time:</td><td>181 seconds (181877 ms)</td>
</tr><tr>
<td>Included groups:</td><td></td>
</tr><tr>
<td>Excluded groups:</td><td></td>
</tr>
</table><p/>
<small><i>(Hover the method name to see the test class name)</i></small><p/>
<table width='100%' border='1' class='invocation-failed'>
<tr><td colspan='4' align='center'><b>FAILED TESTS</b></td></tr>
<tr><td><b>Test method</b></td>
<td><b>Attribute(s)</b></td>
<td width="30%"><b>Exception</b></td>
<td width="10%"><b>Time (seconds)</b></td>
<td><b>Instance</b></td>
</tr>
<tr>
<td title='com.runner.Runner.runScenario()'><b>runScenario</b><br>Test class: com.runner.Runner<br>Test method: Runs Cucumber Scenarios<br>Parameters: "signIn validation with inValid inputs", "Optional[Login]"</td>
<td><div><pre>java.lang.NullPointerException: Cannot invoke &quot;com.pageObjects.StartPage.clickGetStartedBtn()&quot; because &quot;this.sp&quot; is null
	at com.stepDefinations.RegisterStepDef.user_clicks_on_button(RegisterStepDef.java:24)
	at ✽.user clicks on &quot;Get started&quot; button(file:///C:/Users/chpra/git/DS-ALGO/src/test/resources/features/login.feature:5)
</pre></div><a href='#' onClick='toggleBox("stack-trace217693470", this, "Click to show all stack frames", "Click to hide stack frames")'>Click to show all stack frames</a>
<div class='stack-trace' id='stack-trace217693470'><pre>java.lang.NullPointerException: Cannot invoke &quot;com.pageObjects.StartPage.clickGetStartedBtn()&quot; because &quot;this.sp&quot; is null
	at com.stepDefinations.RegisterStepDef.user_clicks_on_button(RegisterStepDef.java:24)
	at ✽.user clicks on &quot;Get started&quot; button(file:///C:/Users/chpra/git/DS-ALGO/src/test/resources/features/login.feature:5)
</pre></div></td>
<td>0</td>
<td>com.runner.Runner@bcec361</td></tr>
<tr>
<td title='com.runner.Runner.runScenario()'><b>runScenario</b><br>Test class: com.runner.Runner<br>Test method: Runs Cucumber Scenarios<br>Parameters: "Register validation with valid inputs", "Optional[Register]"</td>
<td><div><pre>java.lang.AssertionError: expected [true] but found [false]
	at org.testng.Assert.fail(Assert.java:110)
	at org.testng.Assert.failNotEquals(Assert.java:1413)
	at org.testng.Assert.assertEqualsImpl(Assert.java:149)
	at org.testng.Assert.assertEquals(Assert.java:131)
	at org.testng.Assert.assertEquals(Assert.java:976)
	at org.testng.Assert.assertEquals(Assert.java:1010)
	at com.stepDefinations.RegisterStepDef.user_should_be_successfully_able_to_see_the_label_as(RegisterStepDef.java:46)
	at ✽.user should be successfully able to see the label as &quot;New Account Created.&quot;(file:///C:/Users/chpra/git/DS-ALGO/src/test/resources/features/2register.feature:12)
</pre></div><a href='#' onClick='toggleBox("stack-trace871550938", this, "Click to show all stack frames", "Click to hide stack frames")'>Click to show all stack frames</a>
<div class='stack-trace' id='stack-trace871550938'><pre>java.lang.AssertionError: expected [true] but found [false]
	at org.testng.Assert.fail(Assert.java:110)
	at org.testng.Assert.failNotEquals(Assert.java:1413)
	at org.testng.Assert.assertEqualsImpl(Assert.java:149)
	at org.testng.Assert.assertEquals(Assert.java:131)
	at org.testng.Assert.assertEquals(Assert.java:976)
	at org.testng.Assert.assertEquals(Assert.java:1010)
	at com.stepDefinations.RegisterStepDef.user_should_be_successfully_able_to_see_the_label_as(RegisterStepDef.java:46)
	at ✽.user should be successfully able to see the label as &quot;New Account Created.&quot;(file:///C:/Users/chpra/git/DS-ALGO/src/test/resources/features/2register.feature:12)
</pre></div></td>
<td>14</td>
<td>com.runner.Runner@bcec361</td></tr>
<tr>
<td title='com.runner.Runner.runScenario()'><b>runScenario</b><br>Test class: com.runner.Runner<br>Test method: Runs Cucumber Scenarios<br>Parameters: "Register validation with valid inputs", "Optional[Register]"</td>
<td><div><pre>java.lang.AssertionError: expected [true] but found [false]
	at org.testng.Assert.fail(Assert.java:110)
	at org.testng.Assert.failNotEquals(Assert.java:1413)
	at org.testng.Assert.assertEqualsImpl(Assert.java:149)
	at org.testng.Assert.assertEquals(Assert.java:131)
	at org.testng.Assert.assertEquals(Assert.java:976)
	at org.testng.Assert.assertEquals(Assert.java:1010)
	at com.stepDefinations.RegisterStepDef.user_should_be_successfully_able_to_see_the_label_as(RegisterStepDef.java:46)
	at ✽.user should be successfully able to see the label as &quot;New Account Created.&quot;(file:///C:/Users/chpra/git/DS-ALGO/src/test/resources/features/2register.feature:12)
</pre></div><a href='#' onClick='toggleBox("stack-trace1681259036", this, "Click to show all stack frames", "Click to hide stack frames")'>Click to show all stack frames</a>
<div class='stack-trace' id='stack-trace1681259036'><pre>java.lang.AssertionError: expected [true] but found [false]
	at org.testng.Assert.fail(Assert.java:110)
	at org.testng.Assert.failNotEquals(Assert.java:1413)
	at org.testng.Assert.assertEqualsImpl(Assert.java:149)
	at org.testng.Assert.assertEquals(Assert.java:131)
	at org.testng.Assert.assertEquals(Assert.java:976)
	at org.testng.Assert.assertEquals(Assert.java:1010)
	at com.stepDefinations.RegisterStepDef.user_should_be_successfully_able_to_see_the_label_as(RegisterStepDef.java:46)
	at ✽.user should be successfully able to see the label as &quot;New Account Created.&quot;(file:///C:/Users/chpra/git/DS-ALGO/src/test/resources/features/2register.feature:12)
</pre></div></td>
<td>14</td>
<td>com.runner.Runner@bcec361</td></tr>
<tr>
<td title='com.runner.Runner.runScenario()'><b>runScenario</b><br>Test class: com.runner.Runner<br>Test method: Runs Cucumber Scenarios<br>Parameters: "signIn validation with valid inputs", "Optional[Login]"</td>
<td><div><pre>java.lang.NullPointerException: Cannot invoke &quot;com.pageObjects.StartPage.clickGetStartedBtn()&quot; because &quot;this.sp&quot; is null
	at com.stepDefinations.RegisterStepDef.user_clicks_on_button(RegisterStepDef.java:24)
	at ✽.user clicks on &quot;Get started&quot; button(file:///C:/Users/chpra/git/DS-ALGO/src/test/resources/features/login.feature:5)
</pre></div><a href='#' onClick='toggleBox("stack-trace2136210488", this, "Click to show all stack frames", "Click to hide stack frames")'>Click to show all stack frames</a>
<div class='stack-trace' id='stack-trace2136210488'><pre>java.lang.NullPointerException: Cannot invoke &quot;com.pageObjects.StartPage.clickGetStartedBtn()&quot; because &quot;this.sp&quot; is null
	at com.stepDefinations.RegisterStepDef.user_clicks_on_button(RegisterStepDef.java:24)
	at ✽.user clicks on &quot;Get started&quot; button(file:///C:/Users/chpra/git/DS-ALGO/src/test/resources/features/login.feature:5)
</pre></div></td>
<td>0</td>
<td>com.runner.Runner@bcec361</td></tr>
<tr>
<td title='com.runner.Runner.runScenario()'><b>runScenario</b><br>Test class: com.runner.Runner<br>Test method: Runs Cucumber Scenarios<br>Parameters: "Register validation with invalid inputs/ similar fields", "Optional[Register]"</td>
<td><div><pre>org.openqa.selenium.StaleElementReferenceException: stale element reference: element is not attached to the page document
  (Session info: chrome=108.0.5359.125)
For documentation on this error, please visit: https://selenium.dev/exceptions/#stale_element_reference
Build info: version: &apos;4.7.1&apos;, revision: &apos;c6795baf1a3&apos;
System info: os.name: &apos;Windows 11&apos;, os.arch: &apos;amd64&apos;, os.version: &apos;10.0&apos;, java.version: &apos;19.0.1&apos;
Driver info: org.openqa.selenium.chrome.ChromeDriver
Command: [adcfe2e7f9b2a46ba2f607fa3bea3205, getElementText {id=d0ef762c-cac8-4631-a1c8-7829afe95bac}]
Capabilities {acceptInsecureCerts: false, browserName: chrome, browserVersion: 108.0.5359.125, chrome: {chromedriverVersion: 108.0.5359.71 (1e0e3868ee06..., userDataDir: C:\Users\chpra\AppData\Loca...}, goog:chromeOptions: {debuggerAddress: localhost:56299}, networkConnectionEnabled: false, pageLoadStrategy: normal, platformName: WINDOWS, proxy: Proxy(), se:cdp: ws://localhost:56299/devtoo..., se:cdpVersion: 108.0.5359.125, setWindowRect: true, strictFileInteractability: false, timeouts: {implicit: 0, pageLoad: 300000, script: 30000}, unhandledPromptBehavior: dismiss and notify, webauthn:extension:credBlob: true, webauthn:extension:largeBlob: true, webauthn:virtualAuthenticators: true}
Element: [[ChromeDriver: chrome on WINDOWS (adcfe2e7f9b2a46ba2f607fa3bea3205)] -&gt; id: id_username]
Session ID: adcfe2e7f9b2a46ba2f607fa3bea3205
	at java.base/jdk.internal.reflect.DirectConstructorHandleAccessor.newInstance(DirectConstructorHandleAccessor.java:67)
	at java.base/java.lang.reflect.Constructor.newInstanceWithCaller(Constructor.java:500)
	at java.base/java.lang.reflect.Constructor.newInstance(Constructor.java:484)
	at org.openqa.selenium.remote.codec.w3c.W3CHttpResponseCodec.createException(W3CHttpResponseCodec.java:200)
	at org.openqa.selenium.remote.codec.w3c.W3CHttpResponseCodec.decode(W3CHttpResponseCodec.java:133)
	at org.openqa.selenium.remote.codec.w3c.W3CHttpResponseCodec.decode(W3CHttpResponseCodec.java:53)
	at org.openqa.selenium.remote.HttpCommandExecutor.execute(HttpCommandExecutor.java:184)
	at org.openqa.selenium.remote.service.DriverCommandExecutor.invokeExecute(DriverCommandExecutor.java:167)
	at org.openqa.selenium.remote.service.DriverCommandExecutor.execute(DriverCommandExecutor.java:142)
	at org.openqa.selenium.remote.RemoteWebDriver.execute(RemoteWebDriver.java:551)
	at org.openqa.selenium.remote.RemoteWebElement.execute(RemoteWebElement.java:257)
	at org.openqa.selenium.remote.RemoteWebElement.getText(RemoteWebElement.java:207)
	at java.base/jdk.internal.reflect.DirectMethodHandleAccessor.invoke(DirectMethodHandleAccessor.java:104)
	at java.base/java.lang.reflect.Method.invoke(Method.java:578)
	at org.openqa.selenium.support.pagefactory.internal.LocatingElementHandler.invoke(LocatingElementHandler.java:52)
	at jdk.proxy2/jdk.proxy2.$Proxy28.getText(Unknown Source)
	at com.pageObjects.RegisterPage.validatecompare(RegisterPage.java:154)
	at com.stepDefinations.RegisterStepDef.user_should_get_password_not_similar_to_username_error_message(RegisterStepDef.java:168)
	at ✽.user should get password not similar to username error message &quot;password can not be similar as username&quot;(file:///C:/Users/chpra/git/DS-ALGO/src/test/resources/features/2register.feature:93)
</pre></div><a href='#' onClick='toggleBox("stack-trace1307525827", this, "Click to show all stack frames", "Click to hide stack frames")'>Click to show all stack frames</a>
<div class='stack-trace' id='stack-trace1307525827'><pre>org.openqa.selenium.StaleElementReferenceException: stale element reference: element is not attached to the page document
  (Session info: chrome=108.0.5359.125)
For documentation on this error, please visit: https://selenium.dev/exceptions/#stale_element_reference
Build info: version: &apos;4.7.1&apos;, revision: &apos;c6795baf1a3&apos;
System info: os.name: &apos;Windows 11&apos;, os.arch: &apos;amd64&apos;, os.version: &apos;10.0&apos;, java.version: &apos;19.0.1&apos;
Driver info: org.openqa.selenium.chrome.ChromeDriver
Command: [adcfe2e7f9b2a46ba2f607fa3bea3205, getElementText {id=d0ef762c-cac8-4631-a1c8-7829afe95bac}]
Capabilities {acceptInsecureCerts: false, browserName: chrome, browserVersion: 108.0.5359.125, chrome: {chromedriverVersion: 108.0.5359.71 (1e0e3868ee06..., userDataDir: C:\Users\chpra\AppData\Loca...}, goog:chromeOptions: {debuggerAddress: localhost:56299}, networkConnectionEnabled: false, pageLoadStrategy: normal, platformName: WINDOWS, proxy: Proxy(), se:cdp: ws://localhost:56299/devtoo..., se:cdpVersion: 108.0.5359.125, setWindowRect: true, strictFileInteractability: false, timeouts: {implicit: 0, pageLoad: 300000, script: 30000}, unhandledPromptBehavior: dismiss and notify, webauthn:extension:credBlob: true, webauthn:extension:largeBlob: true, webauthn:virtualAuthenticators: true}
Element: [[ChromeDriver: chrome on WINDOWS (adcfe2e7f9b2a46ba2f607fa3bea3205)] -&gt; id: id_username]
Session ID: adcfe2e7f9b2a46ba2f607fa3bea3205
	at java.base/jdk.internal.reflect.DirectConstructorHandleAccessor.newInstance(DirectConstructorHandleAccessor.java:67)
	at java.base/java.lang.reflect.Constructor.newInstanceWithCaller(Constructor.java:500)
	at java.base/java.lang.reflect.Constructor.newInstance(Constructor.java:484)
	at org.openqa.selenium.remote.codec.w3c.W3CHttpResponseCodec.createException(W3CHttpResponseCodec.java:200)
	at org.openqa.selenium.remote.codec.w3c.W3CHttpResponseCodec.decode(W3CHttpResponseCodec.java:133)
	at org.openqa.selenium.remote.codec.w3c.W3CHttpResponseCodec.decode(W3CHttpResponseCodec.java:53)
	at org.openqa.selenium.remote.HttpCommandExecutor.execute(HttpCommandExecutor.java:184)
	at org.openqa.selenium.remote.service.DriverCommandExecutor.invokeExecute(DriverCommandExecutor.java:167)
	at org.openqa.selenium.remote.service.DriverCommandExecutor.execute(DriverCommandExecutor.java:142)
	at org.openqa.selenium.remote.RemoteWebDriver.execute(RemoteWebDriver.java:551)
	at org.openqa.selenium.remote.RemoteWebElement.execute(RemoteWebElement.java:257)
	at org.openqa.selenium.remote.RemoteWebElement.getText(RemoteWebElement.java:207)
	at java.base/jdk.internal.reflect.DirectMethodHandleAccessor.invoke(DirectMethodHandleAccessor.java:104)
	at java.base/java.lang.reflect.Method.invoke(Method.java:578)
	at org.openqa.selenium.support.pagefactory.internal.LocatingElementHandler.invoke(LocatingElementHandler.java:52)
	at jdk.proxy2/jdk.proxy2.$Proxy28.getText(Unknown Source)
	at com.pageObjects.RegisterPage.validatecompare(RegisterPage.java:154)
	at com.stepDefinations.RegisterStepDef.user_should_get_password_not_similar_to_username_error_message(RegisterStepDef.java:168)
	at ✽.user should get password not similar to username error message &quot;password can not be similar as username&quot;(file:///C:/Users/chpra/git/DS-ALGO/src/test/resources/features/2register.feature:93)
</pre></div></td>
<td>14</td>
<td>com.runner.Runner@bcec361</td></tr>
<tr>
<td title='com.runner.Runner.runScenario()'><b>runScenario</b><br>Test class: com.runner.Runner<br>Test method: Runs Cucumber Scenarios<br>Parameters: "signIn validation with inValid inputs", "Optional[Login]"</td>
<td><div><pre>java.lang.NullPointerException: Cannot invoke &quot;com.pageObjects.StartPage.clickGetStartedBtn()&quot; because &quot;this.sp&quot; is null
	at com.stepDefinations.RegisterStepDef.user_clicks_on_button(RegisterStepDef.java:24)
	at ✽.user clicks on &quot;Get started&quot; button(file:///C:/Users/chpra/git/DS-ALGO/src/test/resources/features/login.feature:5)
</pre></div><a href='#' onClick='toggleBox("stack-trace1451700171", this, "Click to show all stack frames", "Click to hide stack frames")'>Click to show all stack frames</a>
<div class='stack-trace' id='stack-trace1451700171'><pre>java.lang.NullPointerException: Cannot invoke &quot;com.pageObjects.StartPage.clickGetStartedBtn()&quot; because &quot;this.sp&quot; is null
	at com.stepDefinations.RegisterStepDef.user_clicks_on_button(RegisterStepDef.java:24)
	at ✽.user clicks on &quot;Get started&quot; button(file:///C:/Users/chpra/git/DS-ALGO/src/test/resources/features/login.feature:5)
</pre></div></td>
<td>0</td>
<td>com.runner.Runner@bcec361</td></tr>
<tr>
<td title='com.runner.Runner.runScenario()'><b>runScenario</b><br>Test class: com.runner.Runner<br>Test method: Runs Cucumber Scenarios<br>Parameters: "", "Optional[Login]"</td>
<td><div><pre>java.lang.NullPointerException: Cannot invoke &quot;com.pageObjects.StartPage.clickGetStartedBtn()&quot; because &quot;this.sp&quot; is null
	at com.stepDefinations.RegisterStepDef.user_clicks_on_button(RegisterStepDef.java:24)
	at ✽.user clicks on &quot;Get started&quot; button(file:///C:/Users/chpra/git/DS-ALGO/src/test/resources/features/login.feature:5)
</pre></div><a href='#' onClick='toggleBox("stack-trace326102242", this, "Click to show all stack frames", "Click to hide stack frames")'>Click to show all stack frames</a>
<div class='stack-trace' id='stack-trace326102242'><pre>java.lang.NullPointerException: Cannot invoke &quot;com.pageObjects.StartPage.clickGetStartedBtn()&quot; because &quot;this.sp&quot; is null
	at com.stepDefinations.RegisterStepDef.user_clicks_on_button(RegisterStepDef.java:24)
	at ✽.user clicks on &quot;Get started&quot; button(file:///C:/Users/chpra/git/DS-ALGO/src/test/resources/features/login.feature:5)
</pre></div></td>
<td>0</td>
<td>com.runner.Runner@bcec361</td></tr>
<tr>
<td title='com.runner.Runner.runScenario()'><b>runScenario</b><br>Test class: com.runner.Runner<br>Test method: Runs Cucumber Scenarios<br>Parameters: "Register validation with invalid inputs/ password format less than eight characters", "Optional[Register]"</td>
<td><div><pre>org.openqa.selenium.StaleElementReferenceException: stale element reference: element is not attached to the page document
  (Session info: chrome=108.0.5359.125)
For documentation on this error, please visit: https://selenium.dev/exceptions/#stale_element_reference
Build info: version: &apos;4.7.1&apos;, revision: &apos;c6795baf1a3&apos;
System info: os.name: &apos;Windows 11&apos;, os.arch: &apos;amd64&apos;, os.version: &apos;10.0&apos;, java.version: &apos;19.0.1&apos;
Driver info: org.openqa.selenium.chrome.ChromeDriver
Command: [adcfe2e7f9b2a46ba2f607fa3bea3205, getElementText {id=b1d07f66-96f5-498f-a6e4-7e05acac0c90}]
Capabilities {acceptInsecureCerts: false, browserName: chrome, browserVersion: 108.0.5359.125, chrome: {chromedriverVersion: 108.0.5359.71 (1e0e3868ee06..., userDataDir: C:\Users\chpra\AppData\Loca...}, goog:chromeOptions: {debuggerAddress: localhost:56299}, networkConnectionEnabled: false, pageLoadStrategy: normal, platformName: WINDOWS, proxy: Proxy(), se:cdp: ws://localhost:56299/devtoo..., se:cdpVersion: 108.0.5359.125, setWindowRect: true, strictFileInteractability: false, timeouts: {implicit: 0, pageLoad: 300000, script: 30000}, unhandledPromptBehavior: dismiss and notify, webauthn:extension:credBlob: true, webauthn:extension:largeBlob: true, webauthn:virtualAuthenticators: true}
Element: [[ChromeDriver: chrome on WINDOWS (adcfe2e7f9b2a46ba2f607fa3bea3205)] -&gt; id: id_password1]
Session ID: adcfe2e7f9b2a46ba2f607fa3bea3205
	at java.base/jdk.internal.reflect.DirectConstructorHandleAccessor.newInstance(DirectConstructorHandleAccessor.java:67)
	at java.base/java.lang.reflect.Constructor.newInstanceWithCaller(Constructor.java:500)
	at java.base/java.lang.reflect.Constructor.newInstance(Constructor.java:484)
	at org.openqa.selenium.remote.codec.w3c.W3CHttpResponseCodec.createException(W3CHttpResponseCodec.java:200)
	at org.openqa.selenium.remote.codec.w3c.W3CHttpResponseCodec.decode(W3CHttpResponseCodec.java:133)
	at org.openqa.selenium.remote.codec.w3c.W3CHttpResponseCodec.decode(W3CHttpResponseCodec.java:53)
	at org.openqa.selenium.remote.HttpCommandExecutor.execute(HttpCommandExecutor.java:184)
	at org.openqa.selenium.remote.service.DriverCommandExecutor.invokeExecute(DriverCommandExecutor.java:167)
	at org.openqa.selenium.remote.service.DriverCommandExecutor.execute(DriverCommandExecutor.java:142)
	at org.openqa.selenium.remote.RemoteWebDriver.execute(RemoteWebDriver.java:551)
	at org.openqa.selenium.remote.RemoteWebElement.execute(RemoteWebElement.java:257)
	at org.openqa.selenium.remote.RemoteWebElement.getText(RemoteWebElement.java:207)
	at java.base/jdk.internal.reflect.DirectMethodHandleAccessor.invoke(DirectMethodHandleAccessor.java:104)
	at java.base/java.lang.reflect.Method.invoke(Method.java:578)
	at org.openqa.selenium.support.pagefactory.internal.LocatingElementHandler.invoke(LocatingElementHandler.java:52)
	at jdk.proxy2/jdk.proxy2.$Proxy28.getText(Unknown Source)
	at com.pageObjects.RegisterPage.validatepwd(RegisterPage.java:138)
	at com.stepDefinations.RegisterStepDef.user_should_get_password_atleast_eight_char_error_message(RegisterStepDef.java:143)
	at ✽.user should get password atleast eight char error message &quot;password should contain atleast eight characters.&quot;(file:///C:/Users/chpra/git/DS-ALGO/src/test/resources/features/2register.feature:77)
</pre></div><a href='#' onClick='toggleBox("stack-trace1289906124", this, "Click to show all stack frames", "Click to hide stack frames")'>Click to show all stack frames</a>
<div class='stack-trace' id='stack-trace1289906124'><pre>org.openqa.selenium.StaleElementReferenceException: stale element reference: element is not attached to the page document
  (Session info: chrome=108.0.5359.125)
For documentation on this error, please visit: https://selenium.dev/exceptions/#stale_element_reference
Build info: version: &apos;4.7.1&apos;, revision: &apos;c6795baf1a3&apos;
System info: os.name: &apos;Windows 11&apos;, os.arch: &apos;amd64&apos;, os.version: &apos;10.0&apos;, java.version: &apos;19.0.1&apos;
Driver info: org.openqa.selenium.chrome.ChromeDriver
Command: [adcfe2e7f9b2a46ba2f607fa3bea3205, getElementText {id=b1d07f66-96f5-498f-a6e4-7e05acac0c90}]
Capabilities {acceptInsecureCerts: false, browserName: chrome, browserVersion: 108.0.5359.125, chrome: {chromedriverVersion: 108.0.5359.71 (1e0e3868ee06..., userDataDir: C:\Users\chpra\AppData\Loca...}, goog:chromeOptions: {debuggerAddress: localhost:56299}, networkConnectionEnabled: false, pageLoadStrategy: normal, platformName: WINDOWS, proxy: Proxy(), se:cdp: ws://localhost:56299/devtoo..., se:cdpVersion: 108.0.5359.125, setWindowRect: true, strictFileInteractability: false, timeouts: {implicit: 0, pageLoad: 300000, script: 30000}, unhandledPromptBehavior: dismiss and notify, webauthn:extension:credBlob: true, webauthn:extension:largeBlob: true, webauthn:virtualAuthenticators: true}
Element: [[ChromeDriver: chrome on WINDOWS (adcfe2e7f9b2a46ba2f607fa3bea3205)] -&gt; id: id_password1]
Session ID: adcfe2e7f9b2a46ba2f607fa3bea3205
	at java.base/jdk.internal.reflect.DirectConstructorHandleAccessor.newInstance(DirectConstructorHandleAccessor.java:67)
	at java.base/java.lang.reflect.Constructor.newInstanceWithCaller(Constructor.java:500)
	at java.base/java.lang.reflect.Constructor.newInstance(Constructor.java:484)
	at org.openqa.selenium.remote.codec.w3c.W3CHttpResponseCodec.createException(W3CHttpResponseCodec.java:200)
	at org.openqa.selenium.remote.codec.w3c.W3CHttpResponseCodec.decode(W3CHttpResponseCodec.java:133)
	at org.openqa.selenium.remote.codec.w3c.W3CHttpResponseCodec.decode(W3CHttpResponseCodec.java:53)
	at org.openqa.selenium.remote.HttpCommandExecutor.execute(HttpCommandExecutor.java:184)
	at org.openqa.selenium.remote.service.DriverCommandExecutor.invokeExecute(DriverCommandExecutor.java:167)
	at org.openqa.selenium.remote.service.DriverCommandExecutor.execute(DriverCommandExecutor.java:142)
	at org.openqa.selenium.remote.RemoteWebDriver.execute(RemoteWebDriver.java:551)
	at org.openqa.selenium.remote.RemoteWebElement.execute(RemoteWebElement.java:257)
	at org.openqa.selenium.remote.RemoteWebElement.getText(RemoteWebElement.java:207)
	at java.base/jdk.internal.reflect.DirectMethodHandleAccessor.invoke(DirectMethodHandleAccessor.java:104)
	at java.base/java.lang.reflect.Method.invoke(Method.java:578)
	at org.openqa.selenium.support.pagefactory.internal.LocatingElementHandler.invoke(LocatingElementHandler.java:52)
	at jdk.proxy2/jdk.proxy2.$Proxy28.getText(Unknown Source)
	at com.pageObjects.RegisterPage.validatepwd(RegisterPage.java:138)
	at com.stepDefinations.RegisterStepDef.user_should_get_password_atleast_eight_char_error_message(RegisterStepDef.java:143)
	at ✽.user should get password atleast eight char error message &quot;password should contain atleast eight characters.&quot;(file:///C:/Users/chpra/git/DS-ALGO/src/test/resources/features/2register.feature:77)
</pre></div></td>
<td>14</td>
<td>com.runner.Runner@bcec361</td></tr>
<tr>
<td title='com.runner.Runner.runScenario()'><b>runScenario</b><br>Test class: com.runner.Runner<br>Test method: Runs Cucumber Scenarios<br>Parameters: "signIn validation with valid inputs", "Optional[Login]"</td>
<td><div><pre>java.lang.NullPointerException: Cannot invoke &quot;com.pageObjects.StartPage.clickGetStartedBtn()&quot; because &quot;this.sp&quot; is null
	at com.stepDefinations.RegisterStepDef.user_clicks_on_button(RegisterStepDef.java:24)
	at ✽.user clicks on &quot;Get started&quot; button(file:///C:/Users/chpra/git/DS-ALGO/src/test/resources/features/login.feature:5)
</pre></div><a href='#' onClick='toggleBox("stack-trace1014091582", this, "Click to show all stack frames", "Click to hide stack frames")'>Click to show all stack frames</a>
<div class='stack-trace' id='stack-trace1014091582'><pre>java.lang.NullPointerException: Cannot invoke &quot;com.pageObjects.StartPage.clickGetStartedBtn()&quot; because &quot;this.sp&quot; is null
	at com.stepDefinations.RegisterStepDef.user_clicks_on_button(RegisterStepDef.java:24)
	at ✽.user clicks on &quot;Get started&quot; button(file:///C:/Users/chpra/git/DS-ALGO/src/test/resources/features/login.feature:5)
</pre></div></td>
<td>0</td>
<td>com.runner.Runner@bcec361</td></tr>
<tr>
<td title='com.runner.Runner.runScenario()'><b>runScenario</b><br>Test class: com.runner.Runner<br>Test method: Runs Cucumber Scenarios<br>Parameters: "Register validation with invalid inputs/ password mismatch", "Optional[Register]"</td>
<td><div><pre>org.openqa.selenium.StaleElementReferenceException: stale element reference: element is not attached to the page document
  (Session info: chrome=108.0.5359.125)
For documentation on this error, please visit: https://selenium.dev/exceptions/#stale_element_reference
Build info: version: &apos;4.7.1&apos;, revision: &apos;c6795baf1a3&apos;
System info: os.name: &apos;Windows 11&apos;, os.arch: &apos;amd64&apos;, os.version: &apos;10.0&apos;, java.version: &apos;19.0.1&apos;
Driver info: org.openqa.selenium.chrome.ChromeDriver
Command: [adcfe2e7f9b2a46ba2f607fa3bea3205, getElementText {id=16e46527-5952-43bf-9aad-3da8764e638d}]
Capabilities {acceptInsecureCerts: false, browserName: chrome, browserVersion: 108.0.5359.125, chrome: {chromedriverVersion: 108.0.5359.71 (1e0e3868ee06..., userDataDir: C:\Users\chpra\AppData\Loca...}, goog:chromeOptions: {debuggerAddress: localhost:56299}, networkConnectionEnabled: false, pageLoadStrategy: normal, platformName: WINDOWS, proxy: Proxy(), se:cdp: ws://localhost:56299/devtoo..., se:cdpVersion: 108.0.5359.125, setWindowRect: true, strictFileInteractability: false, timeouts: {implicit: 0, pageLoad: 300000, script: 30000}, unhandledPromptBehavior: dismiss and notify, webauthn:extension:credBlob: true, webauthn:extension:largeBlob: true, webauthn:virtualAuthenticators: true}
Element: [[ChromeDriver: chrome on WINDOWS (adcfe2e7f9b2a46ba2f607fa3bea3205)] -&gt; id: id_password1]
Session ID: adcfe2e7f9b2a46ba2f607fa3bea3205
	at java.base/jdk.internal.reflect.DirectConstructorHandleAccessor.newInstance(DirectConstructorHandleAccessor.java:67)
	at java.base/java.lang.reflect.Constructor.newInstanceWithCaller(Constructor.java:500)
	at java.base/java.lang.reflect.Constructor.newInstance(Constructor.java:484)
	at org.openqa.selenium.remote.codec.w3c.W3CHttpResponseCodec.createException(W3CHttpResponseCodec.java:200)
	at org.openqa.selenium.remote.codec.w3c.W3CHttpResponseCodec.decode(W3CHttpResponseCodec.java:133)
	at org.openqa.selenium.remote.codec.w3c.W3CHttpResponseCodec.decode(W3CHttpResponseCodec.java:53)
	at org.openqa.selenium.remote.HttpCommandExecutor.execute(HttpCommandExecutor.java:184)
	at org.openqa.selenium.remote.service.DriverCommandExecutor.invokeExecute(DriverCommandExecutor.java:167)
	at org.openqa.selenium.remote.service.DriverCommandExecutor.execute(DriverCommandExecutor.java:142)
	at org.openqa.selenium.remote.RemoteWebDriver.execute(RemoteWebDriver.java:551)
	at org.openqa.selenium.remote.RemoteWebElement.execute(RemoteWebElement.java:257)
	at org.openqa.selenium.remote.RemoteWebElement.getText(RemoteWebElement.java:207)
	at java.base/jdk.internal.reflect.DirectMethodHandleAccessor.invoke(DirectMethodHandleAccessor.java:104)
	at java.base/java.lang.reflect.Method.invoke(Method.java:578)
	at org.openqa.selenium.support.pagefactory.internal.LocatingElementHandler.invoke(LocatingElementHandler.java:52)
	at jdk.proxy2/jdk.proxy2.$Proxy28.getText(Unknown Source)
	at com.pageObjects.RegisterPage.validationPwdMismatch(RegisterPage.java:126)
	at com.stepDefinations.RegisterStepDef.user_should_get_a_password_mismatch_error_message(RegisterStepDef.java:130)
	at ✽.user should get a password mismatch error message &quot;password_mismatch:The two password fields didn’t match.&quot;(file:///C:/Users/chpra/git/DS-ALGO/src/test/resources/features/2register.feature:69)
</pre></div><a href='#' onClick='toggleBox("stack-trace1973053322", this, "Click to show all stack frames", "Click to hide stack frames")'>Click to show all stack frames</a>
<div class='stack-trace' id='stack-trace1973053322'><pre>org.openqa.selenium.StaleElementReferenceException: stale element reference: element is not attached to the page document
  (Session info: chrome=108.0.5359.125)
For documentation on this error, please visit: https://selenium.dev/exceptions/#stale_element_reference
Build info: version: &apos;4.7.1&apos;, revision: &apos;c6795baf1a3&apos;
System info: os.name: &apos;Windows 11&apos;, os.arch: &apos;amd64&apos;, os.version: &apos;10.0&apos;, java.version: &apos;19.0.1&apos;
Driver info: org.openqa.selenium.chrome.ChromeDriver
Command: [adcfe2e7f9b2a46ba2f607fa3bea3205, getElementText {id=16e46527-5952-43bf-9aad-3da8764e638d}]
Capabilities {acceptInsecureCerts: false, browserName: chrome, browserVersion: 108.0.5359.125, chrome: {chromedriverVersion: 108.0.5359.71 (1e0e3868ee06..., userDataDir: C:\Users\chpra\AppData\Loca...}, goog:chromeOptions: {debuggerAddress: localhost:56299}, networkConnectionEnabled: false, pageLoadStrategy: normal, platformName: WINDOWS, proxy: Proxy(), se:cdp: ws://localhost:56299/devtoo..., se:cdpVersion: 108.0.5359.125, setWindowRect: true, strictFileInteractability: false, timeouts: {implicit: 0, pageLoad: 300000, script: 30000}, unhandledPromptBehavior: dismiss and notify, webauthn:extension:credBlob: true, webauthn:extension:largeBlob: true, webauthn:virtualAuthenticators: true}
Element: [[ChromeDriver: chrome on WINDOWS (adcfe2e7f9b2a46ba2f607fa3bea3205)] -&gt; id: id_password1]
Session ID: adcfe2e7f9b2a46ba2f607fa3bea3205
	at java.base/jdk.internal.reflect.DirectConstructorHandleAccessor.newInstance(DirectConstructorHandleAccessor.java:67)
	at java.base/java.lang.reflect.Constructor.newInstanceWithCaller(Constructor.java:500)
	at java.base/java.lang.reflect.Constructor.newInstance(Constructor.java:484)
	at org.openqa.selenium.remote.codec.w3c.W3CHttpResponseCodec.createException(W3CHttpResponseCodec.java:200)
	at org.openqa.selenium.remote.codec.w3c.W3CHttpResponseCodec.decode(W3CHttpResponseCodec.java:133)
	at org.openqa.selenium.remote.codec.w3c.W3CHttpResponseCodec.decode(W3CHttpResponseCodec.java:53)
	at org.openqa.selenium.remote.HttpCommandExecutor.execute(HttpCommandExecutor.java:184)
	at org.openqa.selenium.remote.service.DriverCommandExecutor.invokeExecute(DriverCommandExecutor.java:167)
	at org.openqa.selenium.remote.service.DriverCommandExecutor.execute(DriverCommandExecutor.java:142)
	at org.openqa.selenium.remote.RemoteWebDriver.execute(RemoteWebDriver.java:551)
	at org.openqa.selenium.remote.RemoteWebElement.execute(RemoteWebElement.java:257)
	at org.openqa.selenium.remote.RemoteWebElement.getText(RemoteWebElement.java:207)
	at java.base/jdk.internal.reflect.DirectMethodHandleAccessor.invoke(DirectMethodHandleAccessor.java:104)
	at java.base/java.lang.reflect.Method.invoke(Method.java:578)
	at org.openqa.selenium.support.pagefactory.internal.LocatingElementHandler.invoke(LocatingElementHandler.java:52)
	at jdk.proxy2/jdk.proxy2.$Proxy28.getText(Unknown Source)
	at com.pageObjects.RegisterPage.validationPwdMismatch(RegisterPage.java:126)
	at com.stepDefinations.RegisterStepDef.user_should_get_a_password_mismatch_error_message(RegisterStepDef.java:130)
	at ✽.user should get a password mismatch error message &quot;password_mismatch:The two password fields didn’t match.&quot;(file:///C:/Users/chpra/git/DS-ALGO/src/test/resources/features/2register.feature:69)
</pre></div></td>
<td>14</td>
<td>com.runner.Runner@bcec361</td></tr>
<tr>
<td title='com.runner.Runner.runScenario()'><b>runScenario</b><br>Test class: com.runner.Runner<br>Test method: Runs Cucumber Scenarios<br>Parameters: "Register validation with invalid inputs/  password format all numeric", "Optional[Register]"</td>
<td><div><pre>org.openqa.selenium.StaleElementReferenceException: stale element reference: element is not attached to the page document
  (Session info: chrome=108.0.5359.125)
For documentation on this error, please visit: https://selenium.dev/exceptions/#stale_element_reference
Build info: version: &apos;4.7.1&apos;, revision: &apos;c6795baf1a3&apos;
System info: os.name: &apos;Windows 11&apos;, os.arch: &apos;amd64&apos;, os.version: &apos;10.0&apos;, java.version: &apos;19.0.1&apos;
Driver info: org.openqa.selenium.chrome.ChromeDriver
Command: [adcfe2e7f9b2a46ba2f607fa3bea3205, getElementText {id=ada257a5-38e3-47dc-bbfa-a71fd1a25881}]
Capabilities {acceptInsecureCerts: false, browserName: chrome, browserVersion: 108.0.5359.125, chrome: {chromedriverVersion: 108.0.5359.71 (1e0e3868ee06..., userDataDir: C:\Users\chpra\AppData\Loca...}, goog:chromeOptions: {debuggerAddress: localhost:56299}, networkConnectionEnabled: false, pageLoadStrategy: normal, platformName: WINDOWS, proxy: Proxy(), se:cdp: ws://localhost:56299/devtoo..., se:cdpVersion: 108.0.5359.125, setWindowRect: true, strictFileInteractability: false, timeouts: {implicit: 0, pageLoad: 300000, script: 30000}, unhandledPromptBehavior: dismiss and notify, webauthn:extension:credBlob: true, webauthn:extension:largeBlob: true, webauthn:virtualAuthenticators: true}
Element: [[ChromeDriver: chrome on WINDOWS (adcfe2e7f9b2a46ba2f607fa3bea3205)] -&gt; id: id_password1]
Session ID: adcfe2e7f9b2a46ba2f607fa3bea3205
	at java.base/jdk.internal.reflect.DirectConstructorHandleAccessor.newInstance(DirectConstructorHandleAccessor.java:67)
	at java.base/java.lang.reflect.Constructor.newInstanceWithCaller(Constructor.java:500)
	at java.base/java.lang.reflect.Constructor.newInstance(Constructor.java:484)
	at org.openqa.selenium.remote.codec.w3c.W3CHttpResponseCodec.createException(W3CHttpResponseCodec.java:200)
	at org.openqa.selenium.remote.codec.w3c.W3CHttpResponseCodec.decode(W3CHttpResponseCodec.java:133)
	at org.openqa.selenium.remote.codec.w3c.W3CHttpResponseCodec.decode(W3CHttpResponseCodec.java:53)
	at org.openqa.selenium.remote.HttpCommandExecutor.execute(HttpCommandExecutor.java:184)
	at org.openqa.selenium.remote.service.DriverCommandExecutor.invokeExecute(DriverCommandExecutor.java:167)
	at org.openqa.selenium.remote.service.DriverCommandExecutor.execute(DriverCommandExecutor.java:142)
	at org.openqa.selenium.remote.RemoteWebDriver.execute(RemoteWebDriver.java:551)
	at org.openqa.selenium.remote.RemoteWebElement.execute(RemoteWebElement.java:257)
	at org.openqa.selenium.remote.RemoteWebElement.getText(RemoteWebElement.java:207)
	at java.base/jdk.internal.reflect.DirectMethodHandleAccessor.invoke(DirectMethodHandleAccessor.java:104)
	at java.base/java.lang.reflect.Method.invoke(Method.java:578)
	at org.openqa.selenium.support.pagefactory.internal.LocatingElementHandler.invoke(LocatingElementHandler.java:52)
	at jdk.proxy2/jdk.proxy2.$Proxy28.getText(Unknown Source)
	at com.pageObjects.RegisterPage.validatenumeric(RegisterPage.java:167)
	at com.stepDefinations.RegisterStepDef.user_should_get_enter_valid_input_error_message(RegisterStepDef.java:157)
	at ✽.user should get enter valid input error message &quot;please enter valid password format&quot;(file:///C:/Users/chpra/git/DS-ALGO/src/test/resources/features/2register.feature:85)
</pre></div><a href='#' onClick='toggleBox("stack-trace1339556608", this, "Click to show all stack frames", "Click to hide stack frames")'>Click to show all stack frames</a>
<div class='stack-trace' id='stack-trace1339556608'><pre>org.openqa.selenium.StaleElementReferenceException: stale element reference: element is not attached to the page document
  (Session info: chrome=108.0.5359.125)
For documentation on this error, please visit: https://selenium.dev/exceptions/#stale_element_reference
Build info: version: &apos;4.7.1&apos;, revision: &apos;c6795baf1a3&apos;
System info: os.name: &apos;Windows 11&apos;, os.arch: &apos;amd64&apos;, os.version: &apos;10.0&apos;, java.version: &apos;19.0.1&apos;
Driver info: org.openqa.selenium.chrome.ChromeDriver
Command: [adcfe2e7f9b2a46ba2f607fa3bea3205, getElementText {id=ada257a5-38e3-47dc-bbfa-a71fd1a25881}]
Capabilities {acceptInsecureCerts: false, browserName: chrome, browserVersion: 108.0.5359.125, chrome: {chromedriverVersion: 108.0.5359.71 (1e0e3868ee06..., userDataDir: C:\Users\chpra\AppData\Loca...}, goog:chromeOptions: {debuggerAddress: localhost:56299}, networkConnectionEnabled: false, pageLoadStrategy: normal, platformName: WINDOWS, proxy: Proxy(), se:cdp: ws://localhost:56299/devtoo..., se:cdpVersion: 108.0.5359.125, setWindowRect: true, strictFileInteractability: false, timeouts: {implicit: 0, pageLoad: 300000, script: 30000}, unhandledPromptBehavior: dismiss and notify, webauthn:extension:credBlob: true, webauthn:extension:largeBlob: true, webauthn:virtualAuthenticators: true}
Element: [[ChromeDriver: chrome on WINDOWS (adcfe2e7f9b2a46ba2f607fa3bea3205)] -&gt; id: id_password1]
Session ID: adcfe2e7f9b2a46ba2f607fa3bea3205
	at java.base/jdk.internal.reflect.DirectConstructorHandleAccessor.newInstance(DirectConstructorHandleAccessor.java:67)
	at java.base/java.lang.reflect.Constructor.newInstanceWithCaller(Constructor.java:500)
	at java.base/java.lang.reflect.Constructor.newInstance(Constructor.java:484)
	at org.openqa.selenium.remote.codec.w3c.W3CHttpResponseCodec.createException(W3CHttpResponseCodec.java:200)
	at org.openqa.selenium.remote.codec.w3c.W3CHttpResponseCodec.decode(W3CHttpResponseCodec.java:133)
	at org.openqa.selenium.remote.codec.w3c.W3CHttpResponseCodec.decode(W3CHttpResponseCodec.java:53)
	at org.openqa.selenium.remote.HttpCommandExecutor.execute(HttpCommandExecutor.java:184)
	at org.openqa.selenium.remote.service.DriverCommandExecutor.invokeExecute(DriverCommandExecutor.java:167)
	at org.openqa.selenium.remote.service.DriverCommandExecutor.execute(DriverCommandExecutor.java:142)
	at org.openqa.selenium.remote.RemoteWebDriver.execute(RemoteWebDriver.java:551)
	at org.openqa.selenium.remote.RemoteWebElement.execute(RemoteWebElement.java:257)
	at org.openqa.selenium.remote.RemoteWebElement.getText(RemoteWebElement.java:207)
	at java.base/jdk.internal.reflect.DirectMethodHandleAccessor.invoke(DirectMethodHandleAccessor.java:104)
	at java.base/java.lang.reflect.Method.invoke(Method.java:578)
	at org.openqa.selenium.support.pagefactory.internal.LocatingElementHandler.invoke(LocatingElementHandler.java:52)
	at jdk.proxy2/jdk.proxy2.$Proxy28.getText(Unknown Source)
	at com.pageObjects.RegisterPage.validatenumeric(RegisterPage.java:167)
	at com.stepDefinations.RegisterStepDef.user_should_get_enter_valid_input_error_message(RegisterStepDef.java:157)
	at ✽.user should get enter valid input error message &quot;please enter valid password format&quot;(file:///C:/Users/chpra/git/DS-ALGO/src/test/resources/features/2register.feature:85)
</pre></div></td>
<td>14</td>
<td>com.runner.Runner@bcec361</td></tr>
<tr>
<td title='com.runner.Runner.runScenario()'><b>runScenario</b><br>Test class: com.runner.Runner<br>Test method: Runs Cucumber Scenarios<br>Parameters: "signIn validation with inValid inputs", "Optional[Login]"</td>
<td><div><pre>java.lang.NullPointerException: Cannot invoke &quot;com.pageObjects.StartPage.clickGetStartedBtn()&quot; because &quot;this.sp&quot; is null
	at com.stepDefinations.RegisterStepDef.user_clicks_on_button(RegisterStepDef.java:24)
	at ✽.user clicks on &quot;Get started&quot; button(file:///C:/Users/chpra/git/DS-ALGO/src/test/resources/features/login.feature:5)
</pre></div><a href='#' onClick='toggleBox("stack-trace1146116328", this, "Click to show all stack frames", "Click to hide stack frames")'>Click to show all stack frames</a>
<div class='stack-trace' id='stack-trace1146116328'><pre>java.lang.NullPointerException: Cannot invoke &quot;com.pageObjects.StartPage.clickGetStartedBtn()&quot; because &quot;this.sp&quot; is null
	at com.stepDefinations.RegisterStepDef.user_clicks_on_button(RegisterStepDef.java:24)
	at ✽.user clicks on &quot;Get started&quot; button(file:///C:/Users/chpra/git/DS-ALGO/src/test/resources/features/login.feature:5)
</pre></div></td>
<td>0</td>
<td>com.runner.Runner@bcec361</td></tr>
<tr>
<td title='com.runner.Runner.runScenario()'><b>runScenario</b><br>Test class: com.runner.Runner<br>Test method: Runs Cucumber Scenarios<br>Parameters: "signIn validation with inValid inputs", "Optional[Login]"</td>
<td><div><pre>java.lang.NullPointerException: Cannot invoke &quot;com.pageObjects.StartPage.clickGetStartedBtn()&quot; because &quot;this.sp&quot; is null
	at com.stepDefinations.RegisterStepDef.user_clicks_on_button(RegisterStepDef.java:24)
	at ✽.user clicks on &quot;Get started&quot; button(file:///C:/Users/chpra/git/DS-ALGO/src/test/resources/features/login.feature:5)
</pre></div><a href='#' onClick='toggleBox("stack-trace1716832781", this, "Click to show all stack frames", "Click to hide stack frames")'>Click to show all stack frames</a>
<div class='stack-trace' id='stack-trace1716832781'><pre>java.lang.NullPointerException: Cannot invoke &quot;com.pageObjects.StartPage.clickGetStartedBtn()&quot; because &quot;this.sp&quot; is null
	at com.stepDefinations.RegisterStepDef.user_clicks_on_button(RegisterStepDef.java:24)
	at ✽.user clicks on &quot;Get started&quot; button(file:///C:/Users/chpra/git/DS-ALGO/src/test/resources/features/login.feature:5)
</pre></div></td>
<td>0</td>
<td>com.runner.Runner@bcec361</td></tr>
</table><p>
<table width='100%' border='1' class='invocation-passed'>
<tr><td colspan='4' align='center'><b>PASSED TESTS</b></td></tr>
<tr><td><b>Test method</b></td>
<td><b>Attribute(s)</b></td>
<td width="30%"><b>Exception</b></td>
<td width="10%"><b>Time (seconds)</b></td>
<td><b>Instance</b></td>
</tr>
<tr>
<td title='com.runner.Runner.runScenario()'><b>runScenario</b><br>Test class: com.runner.Runner<br>Test method: Runs Cucumber Scenarios<br>Parameters: "Register validation with invalid inputs/blank fields", "Optional[Register]"</td>
<td></td>
<td>12</td>
<td>com.runner.Runner@bcec361</td></tr>
<tr>
<td title='com.runner.Runner.runScenario()'><b>runScenario</b><br>Test class: com.runner.Runner<br>Test method: Runs Cucumber Scenarios<br>Parameters: "", "Optional[Data Structure Intro]"</td>
<td></td>
<td>19</td>
<td>com.runner.Runner@bcec361</td></tr>
<tr>
<td title='com.runner.Runner.runScenario()'><b>runScenario</b><br>Test class: com.runner.Runner<br>Test method: Runs Cucumber Scenarios<br>Parameters: "Register validation with invalid inputs/blank fields", "Optional[Register]"</td>
<td></td>
<td>9</td>
<td>com.runner.Runner@bcec361</td></tr>
<tr>
<td title='com.runner.Runner.runScenario()'><b>runScenario</b><br>Test class: com.runner.Runner<br>Test method: Runs Cucumber Scenarios<br>Parameters: "validation of Start Page", "Optional[Start page]"</td>
<td></td>
<td>12</td>
<td>com.runner.Runner@bcec361</td></tr>
<tr>
<td title='com.runner.Runner.runScenario()'><b>runScenario</b><br>Test class: com.runner.Runner<br>Test method: Runs Cucumber Scenarios<br>Parameters: "Register validation with invalid inputs/blank fields", "Optional[Register]"</td>
<td></td>
<td>11</td>
<td>com.runner.Runner@bcec361</td></tr>
<tr>
<td title='com.runner.Runner.runScenario()'><b>runScenario</b><br>Test class: com.runner.Runner<br>Test method: Runs Cucumber Scenarios<br>Parameters: "Register validation with invalid inputs", "Optional[Register]"</td>
<td></td>
<td>7</td>
<td>com.runner.Runner@bcec361</td></tr>
<tr>
<td title='com.runner.Runner.runScenario()'><b>runScenario</b><br>Test class: com.runner.Runner<br>Test method: Runs Cucumber Scenarios<br>Parameters: "Register validation with invalid inputs/blank fields", "Optional[Register]"</td>
<td></td>
<td>9</td>
<td>com.runner.Runner@bcec361</td></tr>
<tr>
<td title='com.runner.Runner.runScenario()'><b>runScenario</b><br>Test class: com.runner.Runner<br>Test method: Runs Cucumber Scenarios<br>Parameters: "Register validation with invalid inputs/blank fields", "Optional[Register]"</td>
<td></td>
<td>9</td>
<td>com.runner.Runner@bcec361</td></tr>
</table><p>
</body>
</html>