<?xml version="1.0" encoding="UTF-8"?>
<!-- Generated by org.testng.reporters.JUnitReportReporter -->
<testsuite hostname="PranushaTarun" failures="2" tests="21" name="com.runner.Runner" time="180.405" errors="11" timestamp="2022-12-27T09:56:48 EST" skipped="0">
  <testcase classname="com.runner.Runner" name="runScenario" time="9.952"/>
  <system-out/>
  <testcase classname="com.runner.Runner" name="runScenario" time="0.126">
    <error message="Cannot invoke &quot;com.pageObjects.StartPage.clickGetStartedBtn()&quot; because &quot;this.sp&quot; is null" type="java.lang.NullPointerException">
      <![CDATA[java.lang.NullPointerException: Cannot invoke "com.pageObjects.StartPage.clickGetStartedBtn()" because "this.sp" is null
at com.stepDefinations.RegisterStepDef.user_clicks_on_button(RegisterStepDef.java:24)
at ✽.user clicks on "Get started" button(file:///C:/Users/chpra/git/DS-ALGO/src/test/resources/features/login.feature:5)
]]>
    </error>
  </testcase> <!-- runScenario -->
  <system-out/>
  <testcase classname="com.runner.Runner" name="runScenario" time="14.409">
    <failure message="expected [true] but found [false]" type="java.lang.AssertionError">
      <![CDATA[java.lang.AssertionError: expected [true] but found [false]
at org.testng.Assert.fail(Assert.java:110)
at org.testng.Assert.failNotEquals(Assert.java:1413)
at org.testng.Assert.assertEqualsImpl(Assert.java:149)
at org.testng.Assert.assertEquals(Assert.java:131)
at org.testng.Assert.assertEquals(Assert.java:976)
at org.testng.Assert.assertEquals(Assert.java:1010)
at com.stepDefinations.RegisterStepDef.user_should_be_successfully_able_to_see_the_label_as(RegisterStepDef.java:46)
at ✽.user should be successfully able to see the label as "New Account Created."(file:///C:/Users/chpra/git/DS-ALGO/src/test/resources/features/2register.feature:12)
]]>
    </failure>
  </testcase> <!-- runScenario -->
  <system-out/>
  <testcase classname="com.runner.Runner" name="runScenario" time="14.880">
    <failure message="expected [true] but found [false]" type="java.lang.AssertionError">
      <![CDATA[java.lang.AssertionError: expected [true] but found [false]
at org.testng.Assert.fail(Assert.java:110)
at org.testng.Assert.failNotEquals(Assert.java:1413)
at org.testng.Assert.assertEqualsImpl(Assert.java:149)
at org.testng.Assert.assertEquals(Assert.java:131)
at org.testng.Assert.assertEquals(Assert.java:976)
at org.testng.Assert.assertEquals(Assert.java:1010)
at com.stepDefinations.RegisterStepDef.user_should_be_successfully_able_to_see_the_label_as(RegisterStepDef.java:46)
at ✽.user should be successfully able to see the label as "New Account Created."(file:///C:/Users/chpra/git/DS-ALGO/src/test/resources/features/2register.feature:12)
]]>
    </failure>
  </testcase> <!-- runScenario -->
  <system-out/>
  <testcase classname="com.runner.Runner" name="runScenario" time="11.624"/>
  <system-out/>
  <testcase classname="com.runner.Runner" name="runScenario" time="0.127">
    <error message="Cannot invoke &quot;com.pageObjects.StartPage.clickGetStartedBtn()&quot; because &quot;this.sp&quot; is null" type="java.lang.NullPointerException">
      <![CDATA[java.lang.NullPointerException: Cannot invoke "com.pageObjects.StartPage.clickGetStartedBtn()" because "this.sp" is null
at com.stepDefinations.RegisterStepDef.user_clicks_on_button(RegisterStepDef.java:24)
at ✽.user clicks on "Get started" button(file:///C:/Users/chpra/git/DS-ALGO/src/test/resources/features/login.feature:5)
]]>
    </error>
  </testcase> <!-- runScenario -->
  <system-out/>
  <testcase classname="com.runner.Runner" name="runScenario" time="14.350">
    <error message="stale element reference: element is not attached to the page document
  (Session info: chrome=108.0.5359.125)
For documentation on this error, please visit: https://selenium.dev/exceptions/#stale_element_reference
Build info: version: &#039;4.7.1&#039;, revision: &#039;c6795baf1a3&#039;
System info: os.name: &#039;Windows 11&#039;, os.arch: &#039;amd64&#039;, os.version: &#039;10.0&#039;, java.version: &#039;19.0.1&#039;
Driver info: org.openqa.selenium.chrome.ChromeDriver
Command: [adcfe2e7f9b2a46ba2f607fa3bea3205, getElementText {id=d0ef762c-cac8-4631-a1c8-7829afe95bac}]
Capabilities {acceptInsecureCerts: false, browserName: chrome, browserVersion: 108.0.5359.125, chrome: {chromedriverVersion: 108.0.5359.71 (1e0e3868ee06..., userDataDir: C:\Users\chpra\AppData\Loca...}, goog:chromeOptions: {debuggerAddress: localhost:56299}, networkConnectionEnabled: false, pageLoadStrategy: normal, platformName: WINDOWS, proxy: Proxy(), se:cdp: ws://localhost:56299/devtoo..., se:cdpVersion: 108.0.5359.125, setWindowRect: true, strictFileInteractability: false, timeouts: {implicit: 0, pageLoad: 300000, script: 30000}, unhandledPromptBehavior: dismiss and notify, webauthn:extension:credBlob: true, webauthn:extension:largeBlob: true, webauthn:virtualAuthenticators: true}
Element: [[ChromeDriver: chrome on WINDOWS (adcfe2e7f9b2a46ba2f607fa3bea3205)] -&gt; id: id_username]
Session ID: adcfe2e7f9b2a46ba2f607fa3bea3205" type="org.openqa.selenium.StaleElementReferenceException">
      <![CDATA[org.openqa.selenium.StaleElementReferenceException: stale element reference: element is not attached to the page document
  (Session info: chrome=108.0.5359.125)
For documentation on this error, please visit: https://selenium.dev/exceptions/#stale_element_reference
Build info: version: '4.7.1', revision: 'c6795baf1a3'
System info: os.name: 'Windows 11', os.arch: 'amd64', os.version: '10.0', java.version: '19.0.1'
Driver info: org.openqa.selenium.chrome.ChromeDriver
Command: [adcfe2e7f9b2a46ba2f607fa3bea3205, getElementText {id=d0ef762c-cac8-4631-a1c8-7829afe95bac}]
Capabilities {acceptInsecureCerts: false, browserName: chrome, browserVersion: 108.0.5359.125, chrome: {chromedriverVersion: 108.0.5359.71 (1e0e3868ee06..., userDataDir: C:\Users\chpra\AppData\Loca...}, goog:chromeOptions: {debuggerAddress: localhost:56299}, networkConnectionEnabled: false, pageLoadStrategy: normal, platformName: WINDOWS, proxy: Proxy(), se:cdp: ws://localhost:56299/devtoo..., se:cdpVersion: 108.0.5359.125, setWindowRect: true, strictFileInteractability: false, timeouts: {implicit: 0, pageLoad: 300000, script: 30000}, unhandledPromptBehavior: dismiss and notify, webauthn:extension:credBlob: true, webauthn:extension:largeBlob: true, webauthn:virtualAuthenticators: true}
Element: [[ChromeDriver: chrome on WINDOWS (adcfe2e7f9b2a46ba2f607fa3bea3205)] -> id: id_username]
Session ID: adcfe2e7f9b2a46ba2f607fa3bea3205
at java.base/jdk.internal.reflect.DirectConstructorHandleAccessor.newInstance(DirectConstructorHandleAccessor.java:67)
at java.base/java.lang.reflect.Constructor.newInstanceWithCaller(Constructor.java:500)
at java.base/java.lang.reflect.Constructor.newInstance(Constructor.java:484)
at org.openqa.selenium.remote.codec.w3c.W3CHttpResponseCodec.createException(W3CHttpResponseCodec.java:200)
at org.openqa.selenium.remote.codec.w3c.W3CHttpResponseCodec.decode(W3CHttpResponseCodec.java:133)
at org.openqa.selenium.remote.codec.w3c.W3CHttpResponseCodec.decode(W3CHttpResponseCodec.java:53)
at org.openqa.selenium.remote.HttpCommandExecutor.execute(HttpCommandExecutor.java:184)
at org.openqa.selenium.remote.service.DriverCommandExecutor.invokeExecute(DriverCommandExecutor.java:167)
at org.openqa.selenium.remote.service.DriverCommandExecutor.execute(DriverCommandExecutor.java:142)
at org.openqa.selenium.remote.RemoteWebDriver.execute(RemoteWebDriver.java:551)
at org.openqa.selenium.remote.RemoteWebElement.execute(RemoteWebElement.java:257)
at org.openqa.selenium.remote.RemoteWebElement.getText(RemoteWebElement.java:207)
at java.base/jdk.internal.reflect.DirectMethodHandleAccessor.invoke(DirectMethodHandleAccessor.java:104)
at java.base/java.lang.reflect.Method.invoke(Method.java:578)
at org.openqa.selenium.support.pagefactory.internal.LocatingElementHandler.invoke(LocatingElementHandler.java:52)
at jdk.proxy2/jdk.proxy2.$Proxy28.getText(Unknown Source)
at com.pageObjects.RegisterPage.validatecompare(RegisterPage.java:154)
at com.stepDefinations.RegisterStepDef.user_should_get_password_not_similar_to_username_error_message(RegisterStepDef.java:168)
at ✽.user should get password not similar to username error message "password can not be similar as username"(file:///C:/Users/chpra/git/DS-ALGO/src/test/resources/features/2register.feature:93)
]]>
    </error>
  </testcase> <!-- runScenario -->
  <system-out/>
  <testcase classname="com.runner.Runner" name="runScenario" time="0.268">
    <error message="Cannot invoke &quot;com.pageObjects.StartPage.clickGetStartedBtn()&quot; because &quot;this.sp&quot; is null" type="java.lang.NullPointerException">
      <![CDATA[java.lang.NullPointerException: Cannot invoke "com.pageObjects.StartPage.clickGetStartedBtn()" because "this.sp" is null
at com.stepDefinations.RegisterStepDef.user_clicks_on_button(RegisterStepDef.java:24)
at ✽.user clicks on "Get started" button(file:///C:/Users/chpra/git/DS-ALGO/src/test/resources/features/login.feature:5)
]]>
    </error>
  </testcase> <!-- runScenario -->
  <system-out/>
  <testcase classname="com.runner.Runner" name="runScenario" time="7.634"/>
  <system-out/>
  <testcase classname="com.runner.Runner" name="runScenario" time="0.199">
    <error message="Cannot invoke &quot;com.pageObjects.StartPage.clickGetStartedBtn()&quot; because &quot;this.sp&quot; is null" type="java.lang.NullPointerException">
      <![CDATA[java.lang.NullPointerException: Cannot invoke "com.pageObjects.StartPage.clickGetStartedBtn()" because "this.sp" is null
at com.stepDefinations.RegisterStepDef.user_clicks_on_button(RegisterStepDef.java:24)
at ✽.user clicks on "Get started" button(file:///C:/Users/chpra/git/DS-ALGO/src/test/resources/features/login.feature:5)
]]>
    </error>
  </testcase> <!-- runScenario -->
  <system-out/>
  <testcase classname="com.runner.Runner" name="runScenario" time="14.243">
    <error message="stale element reference: element is not attached to the page document
  (Session info: chrome=108.0.5359.125)
For documentation on this error, please visit: https://selenium.dev/exceptions/#stale_element_reference
Build info: version: &#039;4.7.1&#039;, revision: &#039;c6795baf1a3&#039;
System info: os.name: &#039;Windows 11&#039;, os.arch: &#039;amd64&#039;, os.version: &#039;10.0&#039;, java.version: &#039;19.0.1&#039;
Driver info: org.openqa.selenium.chrome.ChromeDriver
Command: [adcfe2e7f9b2a46ba2f607fa3bea3205, getElementText {id=b1d07f66-96f5-498f-a6e4-7e05acac0c90}]
Capabilities {acceptInsecureCerts: false, browserName: chrome, browserVersion: 108.0.5359.125, chrome: {chromedriverVersion: 108.0.5359.71 (1e0e3868ee06..., userDataDir: C:\Users\chpra\AppData\Loca...}, goog:chromeOptions: {debuggerAddress: localhost:56299}, networkConnectionEnabled: false, pageLoadStrategy: normal, platformName: WINDOWS, proxy: Proxy(), se:cdp: ws://localhost:56299/devtoo..., se:cdpVersion: 108.0.5359.125, setWindowRect: true, strictFileInteractability: false, timeouts: {implicit: 0, pageLoad: 300000, script: 30000}, unhandledPromptBehavior: dismiss and notify, webauthn:extension:credBlob: true, webauthn:extension:largeBlob: true, webauthn:virtualAuthenticators: true}
Element: [[ChromeDriver: chrome on WINDOWS (adcfe2e7f9b2a46ba2f607fa3bea3205)] -&gt; id: id_password1]
Session ID: adcfe2e7f9b2a46ba2f607fa3bea3205" type="org.openqa.selenium.StaleElementReferenceException">
      <![CDATA[org.openqa.selenium.StaleElementReferenceException: stale element reference: element is not attached to the page document
  (Session info: chrome=108.0.5359.125)
For documentation on this error, please visit: https://selenium.dev/exceptions/#stale_element_reference
Build info: version: '4.7.1', revision: 'c6795baf1a3'
System info: os.name: 'Windows 11', os.arch: 'amd64', os.version: '10.0', java.version: '19.0.1'
Driver info: org.openqa.selenium.chrome.ChromeDriver
Command: [adcfe2e7f9b2a46ba2f607fa3bea3205, getElementText {id=b1d07f66-96f5-498f-a6e4-7e05acac0c90}]
Capabilities {acceptInsecureCerts: false, browserName: chrome, browserVersion: 108.0.5359.125, chrome: {chromedriverVersion: 108.0.5359.71 (1e0e3868ee06..., userDataDir: C:\Users\chpra\AppData\Loca...}, goog:chromeOptions: {debuggerAddress: localhost:56299}, networkConnectionEnabled: false, pageLoadStrategy: normal, platformName: WINDOWS, proxy: Proxy(), se:cdp: ws://localhost:56299/devtoo..., se:cdpVersion: 108.0.5359.125, setWindowRect: true, strictFileInteractability: false, timeouts: {implicit: 0, pageLoad: 300000, script: 30000}, unhandledPromptBehavior: dismiss and notify, webauthn:extension:credBlob: true, webauthn:extension:largeBlob: true, webauthn:virtualAuthenticators: true}
Element: [[ChromeDriver: chrome on WINDOWS (adcfe2e7f9b2a46ba2f607fa3bea3205)] -> id: id_password1]
Session ID: adcfe2e7f9b2a46ba2f607fa3bea3205
at java.base/jdk.internal.reflect.DirectConstructorHandleAccessor.newInstance(DirectConstructorHandleAccessor.java:67)
at java.base/java.lang.reflect.Constructor.newInstanceWithCaller(Constructor.java:500)
at java.base/java.lang.reflect.Constructor.newInstance(Constructor.java:484)
at org.openqa.selenium.remote.codec.w3c.W3CHttpResponseCodec.createException(W3CHttpResponseCodec.java:200)
at org.openqa.selenium.remote.codec.w3c.W3CHttpResponseCodec.decode(W3CHttpResponseCodec.java:133)
at org.openqa.selenium.remote.codec.w3c.W3CHttpResponseCodec.decode(W3CHttpResponseCodec.java:53)
at org.openqa.selenium.remote.HttpCommandExecutor.execute(HttpCommandExecutor.java:184)
at org.openqa.selenium.remote.service.DriverCommandExecutor.invokeExecute(DriverCommandExecutor.java:167)
at org.openqa.selenium.remote.service.DriverCommandExecutor.execute(DriverCommandExecutor.java:142)
at org.openqa.selenium.remote.RemoteWebDriver.execute(RemoteWebDriver.java:551)
at org.openqa.selenium.remote.RemoteWebElement.execute(RemoteWebElement.java:257)
at org.openqa.selenium.remote.RemoteWebElement.getText(RemoteWebElement.java:207)
at java.base/jdk.internal.reflect.DirectMethodHandleAccessor.invoke(DirectMethodHandleAccessor.java:104)
at java.base/java.lang.reflect.Method.invoke(Method.java:578)
at org.openqa.selenium.support.pagefactory.internal.LocatingElementHandler.invoke(LocatingElementHandler.java:52)
at jdk.proxy2/jdk.proxy2.$Proxy28.getText(Unknown Source)
at com.pageObjects.RegisterPage.validatepwd(RegisterPage.java:138)
at com.stepDefinations.RegisterStepDef.user_should_get_password_atleast_eight_char_error_message(RegisterStepDef.java:143)
at ✽.user should get password atleast eight char error message "password should contain atleast eight characters."(file:///C:/Users/chpra/git/DS-ALGO/src/test/resources/features/2register.feature:77)
]]>
    </error>
  </testcase> <!-- runScenario -->
  <system-out/>
  <testcase classname="com.runner.Runner" name="runScenario" time="0.146">
    <error message="Cannot invoke &quot;com.pageObjects.StartPage.clickGetStartedBtn()&quot; because &quot;this.sp&quot; is null" type="java.lang.NullPointerException">
      <![CDATA[java.lang.NullPointerException: Cannot invoke "com.pageObjects.StartPage.clickGetStartedBtn()" because "this.sp" is null
at com.stepDefinations.RegisterStepDef.user_clicks_on_button(RegisterStepDef.java:24)
at ✽.user clicks on "Get started" button(file:///C:/Users/chpra/git/DS-ALGO/src/test/resources/features/login.feature:5)
]]>
    </error>
  </testcase> <!-- runScenario -->
  <system-out/>
  <testcase classname="com.runner.Runner" name="runScenario" time="12.067"/>
  <system-out/>
  <testcase classname="com.runner.Runner" name="runScenario" time="14.095">
    <error message="stale element reference: element is not attached to the page document
  (Session info: chrome=108.0.5359.125)
For documentation on this error, please visit: https://selenium.dev/exceptions/#stale_element_reference
Build info: version: &#039;4.7.1&#039;, revision: &#039;c6795baf1a3&#039;
System info: os.name: &#039;Windows 11&#039;, os.arch: &#039;amd64&#039;, os.version: &#039;10.0&#039;, java.version: &#039;19.0.1&#039;
Driver info: org.openqa.selenium.chrome.ChromeDriver
Command: [adcfe2e7f9b2a46ba2f607fa3bea3205, getElementText {id=16e46527-5952-43bf-9aad-3da8764e638d}]
Capabilities {acceptInsecureCerts: false, browserName: chrome, browserVersion: 108.0.5359.125, chrome: {chromedriverVersion: 108.0.5359.71 (1e0e3868ee06..., userDataDir: C:\Users\chpra\AppData\Loca...}, goog:chromeOptions: {debuggerAddress: localhost:56299}, networkConnectionEnabled: false, pageLoadStrategy: normal, platformName: WINDOWS, proxy: Proxy(), se:cdp: ws://localhost:56299/devtoo..., se:cdpVersion: 108.0.5359.125, setWindowRect: true, strictFileInteractability: false, timeouts: {implicit: 0, pageLoad: 300000, script: 30000}, unhandledPromptBehavior: dismiss and notify, webauthn:extension:credBlob: true, webauthn:extension:largeBlob: true, webauthn:virtualAuthenticators: true}
Element: [[ChromeDriver: chrome on WINDOWS (adcfe2e7f9b2a46ba2f607fa3bea3205)] -&gt; id: id_password1]
Session ID: adcfe2e7f9b2a46ba2f607fa3bea3205" type="org.openqa.selenium.StaleElementReferenceException">
      <![CDATA[org.openqa.selenium.StaleElementReferenceException: stale element reference: element is not attached to the page document
  (Session info: chrome=108.0.5359.125)
For documentation on this error, please visit: https://selenium.dev/exceptions/#stale_element_reference
Build info: version: '4.7.1', revision: 'c6795baf1a3'
System info: os.name: 'Windows 11', os.arch: 'amd64', os.version: '10.0', java.version: '19.0.1'
Driver info: org.openqa.selenium.chrome.ChromeDriver
Command: [adcfe2e7f9b2a46ba2f607fa3bea3205, getElementText {id=16e46527-5952-43bf-9aad-3da8764e638d}]
Capabilities {acceptInsecureCerts: false, browserName: chrome, browserVersion: 108.0.5359.125, chrome: {chromedriverVersion: 108.0.5359.71 (1e0e3868ee06..., userDataDir: C:\Users\chpra\AppData\Loca...}, goog:chromeOptions: {debuggerAddress: localhost:56299}, networkConnectionEnabled: false, pageLoadStrategy: normal, platformName: WINDOWS, proxy: Proxy(), se:cdp: ws://localhost:56299/devtoo..., se:cdpVersion: 108.0.5359.125, setWindowRect: true, strictFileInteractability: false, timeouts: {implicit: 0, pageLoad: 300000, script: 30000}, unhandledPromptBehavior: dismiss and notify, webauthn:extension:credBlob: true, webauthn:extension:largeBlob: true, webauthn:virtualAuthenticators: true}
Element: [[ChromeDriver: chrome on WINDOWS (adcfe2e7f9b2a46ba2f607fa3bea3205)] -> id: id_password1]
Session ID: adcfe2e7f9b2a46ba2f607fa3bea3205
at java.base/jdk.internal.reflect.DirectConstructorHandleAccessor.newInstance(DirectConstructorHandleAccessor.java:67)
at java.base/java.lang.reflect.Constructor.newInstanceWithCaller(Constructor.java:500)
at java.base/java.lang.reflect.Constructor.newInstance(Constructor.java:484)
at org.openqa.selenium.remote.codec.w3c.W3CHttpResponseCodec.createException(W3CHttpResponseCodec.java:200)
at org.openqa.selenium.remote.codec.w3c.W3CHttpResponseCodec.decode(W3CHttpResponseCodec.java:133)
at org.openqa.selenium.remote.codec.w3c.W3CHttpResponseCodec.decode(W3CHttpResponseCodec.java:53)
at org.openqa.selenium.remote.HttpCommandExecutor.execute(HttpCommandExecutor.java:184)
at org.openqa.selenium.remote.service.DriverCommandExecutor.invokeExecute(DriverCommandExecutor.java:167)
at org.openqa.selenium.remote.service.DriverCommandExecutor.execute(DriverCommandExecutor.java:142)
at org.openqa.selenium.remote.RemoteWebDriver.execute(RemoteWebDriver.java:551)
at org.openqa.selenium.remote.RemoteWebElement.execute(RemoteWebElement.java:257)
at org.openqa.selenium.remote.RemoteWebElement.getText(RemoteWebElement.java:207)
at java.base/jdk.internal.reflect.DirectMethodHandleAccessor.invoke(DirectMethodHandleAccessor.java:104)
at java.base/java.lang.reflect.Method.invoke(Method.java:578)
at org.openqa.selenium.support.pagefactory.internal.LocatingElementHandler.invoke(LocatingElementHandler.java:52)
at jdk.proxy2/jdk.proxy2.$Proxy28.getText(Unknown Source)
at com.pageObjects.RegisterPage.validationPwdMismatch(RegisterPage.java:126)
at com.stepDefinations.RegisterStepDef.user_should_get_a_password_mismatch_error_message(RegisterStepDef.java:130)
at ✽.user should get a password mismatch error message "password_mismatch:The two password fields didn’t match."(file:///C:/Users/chpra/git/DS-ALGO/src/test/resources/features/2register.feature:69)
]]>
    </error>
  </testcase> <!-- runScenario -->
  <system-out/>
  <testcase classname="com.runner.Runner" name="runScenario" time="19.480"/>
  <system-out/>
  <testcase classname="com.runner.Runner" name="runScenario" time="12.784"/>
  <system-out/>
  <testcase classname="com.runner.Runner" name="runScenario" time="14.393">
    <error message="stale element reference: element is not attached to the page document
  (Session info: chrome=108.0.5359.125)
For documentation on this error, please visit: https://selenium.dev/exceptions/#stale_element_reference
Build info: version: &#039;4.7.1&#039;, revision: &#039;c6795baf1a3&#039;
System info: os.name: &#039;Windows 11&#039;, os.arch: &#039;amd64&#039;, os.version: &#039;10.0&#039;, java.version: &#039;19.0.1&#039;
Driver info: org.openqa.selenium.chrome.ChromeDriver
Command: [adcfe2e7f9b2a46ba2f607fa3bea3205, getElementText {id=ada257a5-38e3-47dc-bbfa-a71fd1a25881}]
Capabilities {acceptInsecureCerts: false, browserName: chrome, browserVersion: 108.0.5359.125, chrome: {chromedriverVersion: 108.0.5359.71 (1e0e3868ee06..., userDataDir: C:\Users\chpra\AppData\Loca...}, goog:chromeOptions: {debuggerAddress: localhost:56299}, networkConnectionEnabled: false, pageLoadStrategy: normal, platformName: WINDOWS, proxy: Proxy(), se:cdp: ws://localhost:56299/devtoo..., se:cdpVersion: 108.0.5359.125, setWindowRect: true, strictFileInteractability: false, timeouts: {implicit: 0, pageLoad: 300000, script: 30000}, unhandledPromptBehavior: dismiss and notify, webauthn:extension:credBlob: true, webauthn:extension:largeBlob: true, webauthn:virtualAuthenticators: true}
Element: [[ChromeDriver: chrome on WINDOWS (adcfe2e7f9b2a46ba2f607fa3bea3205)] -&gt; id: id_password1]
Session ID: adcfe2e7f9b2a46ba2f607fa3bea3205" type="org.openqa.selenium.StaleElementReferenceException">
      <![CDATA[org.openqa.selenium.StaleElementReferenceException: stale element reference: element is not attached to the page document
  (Session info: chrome=108.0.5359.125)
For documentation on this error, please visit: https://selenium.dev/exceptions/#stale_element_reference
Build info: version: '4.7.1', revision: 'c6795baf1a3'
System info: os.name: 'Windows 11', os.arch: 'amd64', os.version: '10.0', java.version: '19.0.1'
Driver info: org.openqa.selenium.chrome.ChromeDriver
Command: [adcfe2e7f9b2a46ba2f607fa3bea3205, getElementText {id=ada257a5-38e3-47dc-bbfa-a71fd1a25881}]
Capabilities {acceptInsecureCerts: false, browserName: chrome, browserVersion: 108.0.5359.125, chrome: {chromedriverVersion: 108.0.5359.71 (1e0e3868ee06..., userDataDir: C:\Users\chpra\AppData\Loca...}, goog:chromeOptions: {debuggerAddress: localhost:56299}, networkConnectionEnabled: false, pageLoadStrategy: normal, platformName: WINDOWS, proxy: Proxy(), se:cdp: ws://localhost:56299/devtoo..., se:cdpVersion: 108.0.5359.125, setWindowRect: true, strictFileInteractability: false, timeouts: {implicit: 0, pageLoad: 300000, script: 30000}, unhandledPromptBehavior: dismiss and notify, webauthn:extension:credBlob: true, webauthn:extension:largeBlob: true, webauthn:virtualAuthenticators: true}
Element: [[ChromeDriver: chrome on WINDOWS (adcfe2e7f9b2a46ba2f607fa3bea3205)] -> id: id_password1]
Session ID: adcfe2e7f9b2a46ba2f607fa3bea3205
at java.base/jdk.internal.reflect.DirectConstructorHandleAccessor.newInstance(DirectConstructorHandleAccessor.java:67)
at java.base/java.lang.reflect.Constructor.newInstanceWithCaller(Constructor.java:500)
at java.base/java.lang.reflect.Constructor.newInstance(Constructor.java:484)
at org.openqa.selenium.remote.codec.w3c.W3CHttpResponseCodec.createException(W3CHttpResponseCodec.java:200)
at org.openqa.selenium.remote.codec.w3c.W3CHttpResponseCodec.decode(W3CHttpResponseCodec.java:133)
at org.openqa.selenium.remote.codec.w3c.W3CHttpResponseCodec.decode(W3CHttpResponseCodec.java:53)
at org.openqa.selenium.remote.HttpCommandExecutor.execute(HttpCommandExecutor.java:184)
at org.openqa.selenium.remote.service.DriverCommandExecutor.invokeExecute(DriverCommandExecutor.java:167)
at org.openqa.selenium.remote.service.DriverCommandExecutor.execute(DriverCommandExecutor.java:142)
at org.openqa.selenium.remote.RemoteWebDriver.execute(RemoteWebDriver.java:551)
at org.openqa.selenium.remote.RemoteWebElement.execute(RemoteWebElement.java:257)
at org.openqa.selenium.remote.RemoteWebElement.getText(RemoteWebElement.java:207)
at java.base/jdk.internal.reflect.DirectMethodHandleAccessor.invoke(DirectMethodHandleAccessor.java:104)
at java.base/java.lang.reflect.Method.invoke(Method.java:578)
at org.openqa.selenium.support.pagefactory.internal.LocatingElementHandler.invoke(LocatingElementHandler.java:52)
at jdk.proxy2/jdk.proxy2.$Proxy28.getText(Unknown Source)
at com.pageObjects.RegisterPage.validatenumeric(RegisterPage.java:167)
at com.stepDefinations.RegisterStepDef.user_should_get_enter_valid_input_error_message(RegisterStepDef.java:157)
at ✽.user should get enter valid input error message "please enter valid password format"(file:///C:/Users/chpra/git/DS-ALGO/src/test/resources/features/2register.feature:85)
]]>
    </error>
  </testcase> <!-- runScenario -->
  <system-out/>
  <testcase classname="com.runner.Runner" name="runScenario" time="0.135">
    <error message="Cannot invoke &quot;com.pageObjects.StartPage.clickGetStartedBtn()&quot; because &quot;this.sp&quot; is null" type="java.lang.NullPointerException">
      <![CDATA[java.lang.NullPointerException: Cannot invoke "com.pageObjects.StartPage.clickGetStartedBtn()" because "this.sp" is null
at com.stepDefinations.RegisterStepDef.user_clicks_on_button(RegisterStepDef.java:24)
at ✽.user clicks on "Get started" button(file:///C:/Users/chpra/git/DS-ALGO/src/test/resources/features/login.feature:5)
]]>
    </error>
  </testcase> <!-- runScenario -->
  <system-out/>
  <testcase classname="com.runner.Runner" name="runScenario" time="0.126">
    <error message="Cannot invoke &quot;com.pageObjects.StartPage.clickGetStartedBtn()&quot; because &quot;this.sp&quot; is null" type="java.lang.NullPointerException">
      <![CDATA[java.lang.NullPointerException: Cannot invoke "com.pageObjects.StartPage.clickGetStartedBtn()" because "this.sp" is null
at com.stepDefinations.RegisterStepDef.user_clicks_on_button(RegisterStepDef.java:24)
at ✽.user clicks on "Get started" button(file:///C:/Users/chpra/git/DS-ALGO/src/test/resources/features/login.feature:5)
]]>
    </error>
  </testcase> <!-- runScenario -->
  <system-out/>
  <testcase classname="com.runner.Runner" name="runScenario" time="9.826"/>
  <system-out/>
  <testcase classname="com.runner.Runner" name="runScenario" time="9.541"/>
  <system-out/>
</testsuite> <!-- com.runner.Runner -->
